|SourceProjectName:ECGkit.hpr
|DestinationProjectName:index.htm
index_hha.hhk
index.hhc
index.hhk
contact.html
ECGtask.htm
ECGwrapper.html
examples.html
functionlist.html
Getting_started.htm
release-notes.html
includes\product\scripts\docscripts.js
includes\product\scripts\jquery\jquery.tmpl.js
includes\product\scripts\jquery\jquery.tmpl.min.js
includes\product\scripts\jquery\jquery.toggleval.js
includes\product\scripts\jquery\jquery-latest.js
includes\product\scripts\localnav.js
includes\product\scripts\suggest.js
includes\shared\scripts\docscripts.js
includes\shared\scripts\jquery.highlight.js
includes\shared\scripts\l10n.js
includes\shared\scripts\mw.breadcrumb.js
includes\shared\scripts\mw.imageanimation.js
includes\shared\scripts\mw.imagescaling.js
includes\shared\scripts\mw.toc.js
includes\shared\scripts\nanoscroller.min.js
template\Theme1_Standard\jquery.js
template\Theme1_Standard\jqueryui-custom.js
template\Theme1_Standard\layout.js
template\Theme1_Standard\overthrow.min.js
template\Theme1_Standard\overthrow.sidescroller.min.js
index.glo
template\Theme1_Standard\main.css
template\Theme1_Standard\jqueryui-custom.css
docstyle.css
template\Theme1_Standard\topic_left.png
template\Theme1_Standard\open_sidebar.png
template\Theme1_Standard\preview\index_mobile.png
template\Theme1_Standard\TOCTreeOpenBookHover.png
template\Theme1_Standard\TOCTreeLink.png
template\Theme1_Standard\TOCTreePage.png
template\Theme1_Standard\preview\glossary.png
template\Theme1_Standard\BSNext.png
template\Theme1_Standard\BSBack_hover.png
template\Theme1_Standard\BSBack.png
template\Theme1_Standard\TOCTreeOpenBookSelected.png
template\Theme1_Standard\TOCTreeCloseBookHover.png
template\Theme1_Standard\Search.png
template\Theme1_Standard\ui-icons_cd0a0a_256x240.png
template\Theme1_Standard\ui-icons_f9bd01_256x240.png
template\Theme1_Standard\search_advanced_open.png
template\Theme1_Standard\TOCNodeLink.png
template\Theme1_Standard\TOCNodePage.png
template\Theme1_Standard\search_buttonbar_small.png
template\Theme1_Standard\switch.png
template\Theme1_Standard\search_buttonbar_hover.png
template\Theme1_Standard\to_top.png
template\Theme1_Standard\searchBack.png
template\Theme1_Standard\select_button.png
template\Theme1_Standard\TOCTreeOpenBook.png
template\Theme1_Standard\index_hover_buttonbar_small.png
template\Theme1_Standard\preview\tocnode.png
template\Theme1_Standard\preview\toctree.png
template\Theme1_Standard\preview\sidebar.png
template\Theme1_Standard\ui-bg_inset-hard_100_f5f8f9_1x100.png
template\Theme1_Standard\ui-bg_inset-hard_100_fcfdfd_1x100.png
template\Theme1_Standard\TOCTreeCloseBook.png
template\Theme1_Standard\toc_hover_buttonbar_small.png
ex_ABP_PPG_Registro_01M_full_Pagina_05.png
template\Theme1_Standard\ui-bg_flat_55_fbec88_40x100.png
template\Theme1_Standard\index_buttonbar_small.png
template\Theme1_Standard\index_buttonbar_hover.png
template\Theme1_Standard\index_buttonbar.png
template\Theme1_Standard\Print.png
template\Theme1_Standard\index.png
template\Theme1_Standard\ui-icons_2e83ff_256x240.png
template\Theme1_Standard\ui-icons_d8e7f3_256x240.png
template\Theme1_Standard\glo_buttonbar_small.png
template\Theme1_Standard\toc_buttonbar_small.png
template\Theme1_Standard\topic.png
template\Theme1_Standard\search_buttonbar.png
ECG_delineator_corrector.png
template\Theme1_Standard\animated-overlay.gif
template\Theme1_Standard\TOCNodeUpSmall.png
template\Theme1_Standard\glo_buttonbar.png
template\Theme1_Standard\toc_buttonbar.png
ex_ABP_PPG_Registro_01M_full_Pagina_10.png
template\Theme1_Standard\glo_hover.png
template\Theme1_Standard\glo.png
template\Theme1_Standard\toc_hover.png
template\Theme1_Standard\toc.png
template\Theme1_Standard\ui-icons_6da8d5_256x240.png
template\Theme1_Standard\ui-icons_469bdd_256x240.png
template\Theme1_Standard\glo_hover_buttonbar_small.png
template\Theme1_Standard\glo_buttonbar_hover.png
template\Theme1_Standard\toc_buttonbar_hover.png
ex_ABP_PPG_Registro_01M_full_Pagina_01.png
QRS_corrector.PNG
template\Theme1_Standard\topic_right.png
template\Theme1_Standard\Print_hover.png
template\Theme1_Standard\index_hover.png
template\Theme1_Standard\ui-bg_glass_95_fef1ec_1x400.png
template\Theme1_Standard\ui-bg_glass_75_d0e5f5_1x400.png
template\Theme1_Standard\ui-bg_glass_85_dfeffc_1x400.png
template\Theme1_Standard\ui-bg_gloss-wave_55_5c9ccc_500x100.png
template\Theme1_Standard\close_sidebar.png
template\Theme1_Standard\preview\specialpage.png
template\Theme1_Standard\preview\search.png
template\Theme1_Standard\preview\global.png
template\Theme1_Standard\preview\header.png
template\Theme1_Standard\TOCNodeUp.png
template\Theme1_Standard\BSNext_hover.png
template\Theme1_Standard\TOCTreeLinkHover.png
template\Theme1_Standard\TOCTreePageHover.png
template\Theme1_Standard\search_advanced_closed.png
template\Theme1_Standard\TOCNodeCloseBook.png
template\Theme1_Standard\icon_back_small.png
template\Theme1_Standard\preview\glossary_mobile.png
template\Theme1_Standard\TOCNodeOpenBook.png
template\Theme1_Standard\TOCTreeLinkSelected.png
template\Theme1_Standard\TOCTreePageSelected.png
template\Theme1_Standard\TOCTreeCloseBookSelected.png
PPG-ABP_corrector.PNG
template\Theme1_Standard\home.png
template\Theme1_Standard\logo.png
template\Theme1_Standard\searchNext.png
template\Theme1_Standard\preview\mobile_navigation.png
template\Theme1_Standard\home_hover.png
template\Theme1_Standard\ui-icons_217bc0_256x240.png
template\Theme1_Standard\ui-bg_flat_0_aaaaaa_40x100.png
template\Theme1_Standard\search_hover_buttonbar_small.png
template\Theme1_Standard\preview\index.png
template\Theme1_Standard\preview\functionbar.png
RoboHHRE.lng
ehlpdhtm.js
SearchOptions.xml
index.ppf
whxdata\toc3.js
whxdata\toc2.js
whxdata\toc1.js
whxdata\toc.js
whxdata\idx.js
whxdata\glo.js
whxdata\package_0_xml.js
whxdata\package_1_xml.js
whxdata\package_2_xml.js
whxdata\package_3_xml.js
whxdata\package_4_xml.js
whxdata\package_5_xml.js
whxdata\packageindex_xml.js
whxdata\synonym.xml
whxdata\synonym_xml.js
whxdata\topictable_0_xml.js
whxdata\topictableindex_xml.js
whxdata\whfts.xml
whxdata\whfts_xml.js
whxdata\csh.js
whxdata\window.js
projectdata.js
