|SourceProjectName:ECGkit.hpr
|DestinationProjectName:index.htm
index_hha.hhk
index.hhc
index.hhk
contact.html
ECGtask.htm
ECGwrapper.html
examples.html
functionlist.html
Getting_started.htm
release-notes.html
includes\product\scripts\docscripts.js
includes\product\scripts\jquery\jquery.tmpl.js
includes\product\scripts\jquery\jquery.tmpl.min.js
includes\product\scripts\jquery\jquery.toggleval.js
includes\product\scripts\jquery\jquery-latest.js
includes\product\scripts\localnav.js
includes\product\scripts\suggest.js
includes\shared\scripts\docscripts.js
includes\shared\scripts\jquery.highlight.js
includes\shared\scripts\l10n.js
includes\shared\scripts\mw.breadcrumb.js
includes\shared\scripts\mw.imageanimation.js
includes\shared\scripts\mw.imagescaling.js
includes\shared\scripts\mw.toc.js
includes\shared\scripts\nanoscroller.min.js
index.glo
template\Desktop_Catalog\Layout.css
merged.css
template\Desktop_Catalog\TOCTreeLinkHover.png
template\Desktop_Catalog\TOCTreePageHover.png
template\Desktop_Catalog\TOCTreeOpenBook.png
template\Desktop_Catalog\TOCTreeLinkSelected.png
template\Desktop_Catalog\TOCTreePageSelected.png
ex_ABP_PPG_Registro_01M_full_Pagina_05.png
template\Desktop_Catalog\BSNext.png
template\Desktop_Catalog\BSBack.png
template\Desktop_Catalog\Search.png
template\Desktop_Catalog\TOCTreeLink.png
template\Desktop_Catalog\TOCTreePage.png
ECG_delineator_corrector.png
template\Desktop_Catalog\TOCTreeCloseBookSelected.png
ex_ABP_PPG_Registro_01M_full_Pagina_10.png
template\Desktop_Catalog\TOCTreeOpenBookHoverSelected.png
ex_ABP_PPG_Registro_01M_full_Pagina_01.png
QRS_corrector.PNG
template\Desktop_Catalog\searchNext.png
template\Desktop_Catalog\TOCTreeCloseBook.png
template\Desktop_Catalog\Print.png
template\Desktop_Catalog\searchPrev.png
template\Desktop_Catalog\welcome_background_right.png
template\Desktop_Catalog\TOCTreeOpenBookHover.png
template\Desktop_Catalog\welcome_background.png
template\Desktop_Catalog\TOCTreeCloseBookHover.png
PPG-ABP_corrector.PNG
template\Desktop_Catalog\searchNextHover.png
template\Desktop_Catalog\searchPrevHover.png
template\Desktop_Catalog\welcome_background_left.png
RoboHHRE.lng
ehlpdhtm.js
SearchOptions.xml
index.ppf
whxdata\toc3.js
whxdata\toc2.js
whxdata\toc1.js
whxdata\toc.js
whxdata\idx.js
whxdata\glo.js
whxdata\package_0_xml.js
whxdata\package_1_xml.js
whxdata\package_2_xml.js
whxdata\package_3_xml.js
whxdata\package_4_xml.js
whxdata\package_5_xml.js
whxdata\packageindex_xml.js
whxdata\synonym.xml
whxdata\synonym_xml.js
whxdata\topictable_0_xml.js
whxdata\topictableindex_xml.js
whxdata\whfts.xml
whxdata\whfts_xml.js
whxdata\csh.js
whxdata\window.js
projectdata.js
