searchresults.htm
template\scripts\constants.js
template\scripts\utils.js
template\scripts\mhutils.js
template\scripts\mhlang.js
template\scripts\mhver.js
template\scripts\settings.js
template\scripts\XmlJsReader.js
template\scripts\loadscreen.js
template\scripts\loadcsh.js
template\scripts\loadparentdata.js
template\scripts\loadprojdata.js
template\scripts\showhidecontrols.js
template\scripts\pageloader.js
template\resources\LoadingData.gif
template\scripts\toctree.js
template\scripts\toctreeloader.js
template\resources\TOCTreeCloseBook.png
template\resources\TOCTreeCloseBookHover.png
template\resources\TOCTreeCloseBookSelected.png
template\resources\TOCTreeLink.png
template\resources\TOCTreeLinkHover.png
template\resources\TOCTreeLinkSelected.png
template\resources\TOCTreeOpenBook.png
template\resources\TOCTreeOpenBookHover.png
template\resources\TOCTreeOpenBookSelected.png
template\resources\TOCTreePage.png
template\resources\TOCTreePageHover.png
template\resources\TOCTreePageSelected.png
template\scripts\indextree.js
template\scripts\indextreeloader.js
template\scripts\glossarylist.js
template\scripts\glossarylistloader.js
template\scripts\mhtopic.js
template\resources\Search.png
template\scripts\searchfield.js
template\resources\BSBack.png
template\resources\BSNext.png
template\scripts\tabpanels.js
template\scripts\andsearchfield.js
template\scripts\mhfhost.js
template\scripts\search.js
index.htm
